TN:
SF:script.js
FN:1,test
FN:6,sum
FN:10,expect
FN:12,toBe
FN:19,toBeGreaterThan
FNF:5
FNH:4
FNDA:1,test
FNDA:0,sum
FNDA:2,expect
FNDA:1,toBe
FNDA:1,toBeGreaterThan
DA:1,1
DA:2,1
DA:3,1
DA:4,1
DA:5,1
DA:6,0
DA:7,0
DA:8,0
DA:9,1
DA:10,2
DA:11,2
DA:12,2
DA:13,1
DA:14,0
DA:15,1
DA:16,1
DA:17,1
DA:18,2
DA:19,2
DA:20,1
DA:21,1
DA:22,1
DA:23,0
DA:24,0
DA:25,1
DA:26,2
DA:27,2
DA:28,1
DA:29,1
DA:30,1
DA:31,1
DA:32,1
DA:33,1
DA:34,1
DA:35,1
DA:36,1
DA:37,1
DA:38,1
DA:39,1
DA:40,1
DA:41,1
DA:42,1
DA:43,1
DA:44,1
DA:45,1
DA:46,1
DA:47,1
DA:48,1
DA:49,1
DA:50,1
DA:51,1
DA:52,1
DA:53,1
DA:54,1
DA:55,1
DA:56,1
DA:57,1
DA:58,1
DA:59,1
DA:60,1
DA:61,1
DA:62,1
DA:63,1
DA:64,1
DA:65,1
DA:66,1
DA:67,1
DA:68,1
DA:69,1
LF:69
LH:63
BRDA:1,0,0,1
BRDA:10,1,0,2
BRDA:12,2,0,1
BRDA:13,3,0,0
BRDA:19,4,0,1
BRDA:22,5,0,0
BRDA:29,6,0,1
BRF:7
BRH:5
end_of_record
